[2021-04-29 16:36:16] [INFO]: Executando a tarefa X...
[2021-04-29 16:36:16] [WARNING]: Isto é um aviso.... a operação X pode falhar...
[2021-04-29 16:36:16] [ERROR]: Isto é um erro. A operação X falhou
[2021-04-29 11:39:42] [INFO]: Executando a tarefa X...
[2021-04-29 11:39:42] [WARNING]: Isto é um aviso.... a operação X pode falhar...
[2021-04-29 11:39:42] [ERROR]: Isto é um erro. A operação X falhou
[2021-04-29 12:27:53] [INFO]: Executando a tarefa X...
[2021-04-29 12:27:53] [WARNING]: Isto é um aviso.... a operação X pode falhar...
[2021-04-29 12:27:53] [ERROR]: Isto é um erro. A operação X falhou
Executando a tarefa X...Isto é um aviso.... a operação X pode falhar...Isto é um erro. A operação X falhouExecutando a tarefa X...Isto é um aviso.... a operação X pode falhar...Isto é um erro. A operação X falhou[2021-05-31 13:32:07] [INFO]: Executando a tarefa X...
[2021-05-31 13:32:07] [WARNING]: Isto é um aviso.... a operação X pode falhar...
[2021-05-31 13:32:07] [ERROR]: Isto é um erro. A operação X falhou
[2021-05-31 13:37:20] [INFO]: Executando a tarefa X...
[2021-05-31 13:37:20] [WARNING]: Isto é um aviso.... a operação X pode falhar...
[2021-05-31 13:37:20] [ERROR]: Isto é um erro. A operação X falhou
[2021-05-31 08:37:23] [INFO]: Executando a tarefa X...
[2021-05-31 08:37:23] [WARNING]: Isto é um aviso.... a operação X pode falhar...
[2021-05-31 08:37:23] [ERROR]: Isto é um erro. A operação X falhou
[2021-05-31 08:37:24] [INFO]: Executando a tarefa X...
[2021-05-31 08:37:24] [WARNING]: Isto é um aviso.... a operação X pode falhar...
[2021-05-31 08:37:24] [ERROR]: Isto é um erro. A operação X falhou
[2021-05-31 08:37:24] [INFO]: Executando a tarefa X...
[2021-05-31 08:37:24] [WARNING]: Isto é um aviso.... a operação X pode falhar...
[2021-05-31 08:37:24] [ERROR]: Isto é um erro. A operação X falhou
[2021-05-31 08:37:24] [INFO]: Executando a tarefa X...
[2021-05-31 08:37:24] [WARNING]: Isto é um aviso.... a operação X pode falhar...
[2021-05-31 08:37:24] [ERROR]: Isto é um erro. A operação X falhou
[2021-05-31 09:12:18] [INFO]: Executando a tarefa X...
[2021-05-31 09:18:06] [INFO]: Executando a tarefa X...
[2021-05-31 09:18:07] [INFO]: Executando a tarefa X...
[2021-05-31 09:18:07] [INFO]: Executando a tarefa X...
[2021-05-31 09:18:07] [INFO]: Executando a tarefa X...
[2021-05-31 09:18:07] [INFO]: Executando a tarefa X...
[2021-05-31 09:20:20] [INFO]: Executando a tarefa X...
[2021-05-31 09:20:20] [INFO]: Executando a tarefa X...
[2021-05-31 09:20:20] [INFO]: Executando a tarefa X...
[2021-05-31 09:20:21] [INFO]: Executando a tarefa X...
[2021-05-31 09:20:21] [INFO]: Executando a tarefa X...
[2021-05-31 09:20:39] [INFO]: Executando a tarefa X...
[2021-05-31 09:20:39] [INFO]: Executando a tarefa X...
[2021-05-31 09:20:39] [INFO]: Executando a tarefa X...
[2021-05-31 09:20:39] [INFO]: Executando a tarefa X...
[2021-05-31 09:23:24] [INFO]: Executando a tarefa X...
[2021-05-31 09:24:21] [INFO]: Executando a tarefa X...
[2021-05-31 09:24:21] [WARNING]: Isto é um aviso.... a operação X pode falhar...
[2021-05-31 09:24:21] [ERROR]: Isto é um erro. A operação X falhou
[2021-05-31 09:24:22] [INFO]: Executando a tarefa X...
[2021-05-31 09:24:22] [WARNING]: Isto é um aviso.... a operação X pode falhar...
[2021-05-31 09:24:22] [ERROR]: Isto é um erro. A operação X falhou
[2021-05-31 09:27:53] [INFO]: Executando a tarefa X...
[2021-05-31 09:27:53] [WARNING]: Isto é um aviso.... a operação X pode falhar...
[2021-05-31 09:27:53] [ERROR]: Isto é um erro. A operação X falhou
[2021-05-31 09:58:08] [INFO]: Executando a tarefa X...
[2021-05-31 09:58:09] [WARNING]: Isto é um aviso.... a operação X pode falhar...
[2021-05-31 09:58:09] [ERROR]: Isto é um erro. A operação X falhou
[2021-05-31 10:00:38] [INFO]: Executando a tarefa X...
[2021-05-31 10:00:38] [WARNING]: Isto é um aviso.... a operação X pode falhar...
[2021-05-31 10:00:38] [ERROR]: Isto é um erro. A operação X falhou
[2021-05-31 10:35:45] [INFO]: Executando a tarefa X...
[2021-05-31 10:35:45] [WARNING]: Isto é um aviso.... a operação X pode falhar...
[2021-05-31 10:35:45] [ERROR]: Isto é um erro. A operação X falhou
[2021-05-31 10:36:20] [INFO]: Executando a tarefa X...
[2021-05-31 10:37:45] [INFO]: Executando a tarefa X...
[2021-05-31 10:40:01] [INFO]: Executando a tarefa X...
[2021-05-31 10:40:01] [WARNING]: Isto é um aviso.... a operação X pode falhar...
[2021-05-31 10:40:01] [ERROR]: Isto é um erro. A operação X falhou
[2021-05-31 10:40:43] [INFO]: Executando a tarefa X...
[2021-05-31 10:40:43] [WARNING]: Isto é um aviso.... a operação X pode falhar...
[2021-05-31 10:40:43] [ERROR]: Isto é um erro. A operação X falhou
[2021-05-31 10:40:57] [INFO]: Executando a tarefa X...
[2021-05-31 10:40:57] [WARNING]: Isto é um aviso.... a operação X pode falhar...
[2021-05-31 10:40:57] [ERROR]: Isto é um erro. A operação X falhou
[2021-05-31 10:42:31] [INFO]: Executando a tarefa
[2021-05-31 10:42:31] [WARNING]: Isto é um aviso a operação X pode falhar
[2021-05-31 10:42:31] []: A tarefa foi executada com sucesso
[2021-05-31 11:42:01] [INFO]: Executando a tarefa
[2021-05-31 11:42:02] [WARNING]: Isto é um aviso a operação X pode falhar
[2021-05-31 11:42:02] []: A tarefa foi executada com sucesso
[2021-05-31 11:44:27] [INFO]: Executando a tarefa
[2021-05-31 11:44:27] [WARNING]: Isto é um aviso a operação X pode falhar
[2021-05-31 11:44:27] []: A tarefa foi executada com sucesso
[2021-05-31 11:44:48] [INFO]: Executando a tarefa
[2021-05-31 11:44:48] [WARNING]: Isto é um aviso a operação X pode falhar
[2021-05-31 11:44:48] []: A tarefa foi executada com sucesso
[2021-05-31 11:45:02] [INFO]: Executando a tarefa
[2021-05-31 11:45:02] [WARNING]: Isto é um aviso a operação X pode falhar
[2021-05-31 11:45:02] []: A tarefa foi executada com sucesso
[2021-05-31 11:45:13] [INFO]: Executando a tarefa
[2021-05-31 11:45:13] [WARNING]: Isto é um aviso a operação X pode falhar
[2021-05-31 11:45:13] []: A tarefa foi executada com sucesso
[2021-05-31 11:46:10] [INFO]: Executando a tarefa
[2021-05-31 11:46:10] [WARNING]: Isto é um aviso a operação X pode falhar
[2021-05-31 11:46:10] []: A tarefa foi executada com sucesso
[2021-05-31 11:46:22] [INFO]: Executando a tarefa
[2021-05-31 11:46:22] [WARNING]: Isto é um aviso a operação X pode falhar
[2021-05-31 11:46:22] []: A tarefa foi executada com sucesso
[2021-05-31 11:46:27] [INFO]: Executando a tarefa
[2021-05-31 11:46:27] [WARNING]: Isto é um aviso a operação X pode falhar
[2021-05-31 11:46:27] []: A tarefa foi executada com sucesso
[2021-05-31 11:46:39] [INFO]: Executando a tarefa
[2021-05-31 11:46:39] [WARNING]: Isto é um aviso a operação X pode falhar
[2021-05-31 11:46:39] []: A tarefa foi executada com sucesso
[2021-05-31 12:20:20] [INFO]: Executando a tarefa
[2021-05-31 12:20:20] [WARNING]: Isto é um aviso a operação X pode falhar
[2021-05-31 12:20:20] []: A tarefa foi executada com sucesso
Executando a tarefa X...Isto é um aviso.... a operação X pode falhar...Isto é um erro. A operação X falhou[2021-05-31 15:05:43] [INFO]: Executando a tarefa
[2021-05-31 15:05:43] [WARNING]: Isto é um aviso a operação X pode falhar
[2021-05-31 15:05:43] []: A tarefa foi executada com sucesso
[2021-05-31 15:11:54] [INFO]: Executando a tarefa
[2021-05-31 15:11:55] [WARNING]: Isto é um aviso a operação X pode falhar
[2021-05-31 15:11:55] []: A tarefa foi executada com sucesso
[2021-05-31 15:12:52] [INFO]: Executando a tarefa
[2021-05-31 15:12:52] [WARNING]: Isto é um aviso a operação X pode falhar
[2021-05-31 15:12:52] []: A tarefa foi executada com sucesso
[2021-05-31 15:13:08] [INFO]: Executando a tarefa
[2021-05-31 15:13:08] [WARNING]: Isto é um aviso a operação X pode falhar
[2021-05-31 15:13:08] []: A tarefa foi executada com sucesso
[2021-05-31 15:13:08] [INFO]: Executando a tarefa
[2021-05-31 15:13:08] [WARNING]: Isto é um aviso a operação X pode falhar
[2021-05-31 15:13:08] []: A tarefa foi executada com sucesso
[2021-05-31 15:13:09] [INFO]: Executando a tarefa
[2021-05-31 15:13:09] [WARNING]: Isto é um aviso a operação X pode falhar
[2021-05-31 15:13:09] []: A tarefa foi executada com sucesso
[2021-05-31 15:13:09] [INFO]: Executando a tarefa
[2021-05-31 15:13:09] [WARNING]: Isto é um aviso a operação X pode falhar
[2021-05-31 15:13:09] []: A tarefa foi executada com sucesso
[2021-05-31 15:13:09] [INFO]: Executando a tarefa
[2021-05-31 15:13:09] [WARNING]: Isto é um aviso a operação X pode falhar
[2021-05-31 15:13:09] []: A tarefa foi executada com sucesso
[2021-05-31 15:13:09] [INFO]: Executando a tarefa
[2021-05-31 15:13:09] [WARNING]: Isto é um aviso a operação X pode falhar
[2021-05-31 15:13:09] []: A tarefa foi executada com sucesso
[2021-05-31 15:13:09] [INFO]: Executando a tarefa
[2021-05-31 15:13:09] [WARNING]: Isto é um aviso a operação X pode falhar
[2021-05-31 15:13:09] []: A tarefa foi executada com sucesso
[2021-05-31 15:14:03] [INFO]: Executando a tarefa
[2021-05-31 15:14:03] [WARNING]: Isto é um aviso a operação X pode falhar
[2021-05-31 15:14:03] []: A tarefa foi executada com sucesso
[2021-05-31 15:14:04] [INFO]: Executando a tarefa
[2021-05-31 15:14:04] [WARNING]: Isto é um aviso a operação X pode falhar
[2021-05-31 15:14:04] []: A tarefa foi executada com sucesso
[2021-05-31 15:14:04] [INFO]: Executando a tarefa
[2021-05-31 15:14:04] [WARNING]: Isto é um aviso a operação X pode falhar
[2021-05-31 15:14:04] []: A tarefa foi executada com sucesso
[2021-05-31 15:14:04] [INFO]: Executando a tarefa
[2021-05-31 15:14:04] [WARNING]: Isto é um aviso a operação X pode falhar
[2021-05-31 15:14:04] []: A tarefa foi executada com sucesso
[2021-05-31 15:14:45] [INFO]: Executando a tarefa
[2021-05-31 15:14:45] [WARNING]: Isto é um aviso a operação X pode falhar
[2021-05-31 15:14:45] []: A tarefa foi executada com sucesso
[2021-05-31 15:15:09] [INFO]: Executando a tarefa
[2021-05-31 15:15:09] [WARNING]: Isto é um aviso a operação X pode falhar
[2021-05-31 15:15:09] []: A tarefa foi executada com sucesso
[2021-05-31 15:15:47] [INFO]: Executando a tarefa
[2021-05-31 15:15:47] [WARNING]: Isto é um aviso a operação X pode falhar
[2021-05-31 15:15:47] []: A tarefa foi executada com sucesso
[2021-05-31 15:16:04] [INFO]: Executando a tarefa
[2021-05-31 15:16:04] [WARNING]: Isto é um aviso a operação X pode falhar
[2021-05-31 15:16:04] []: A tarefa foi executada com sucesso
[2021-05-31 15:16:33] [INFO]: Executando a tarefa
[2021-05-31 15:16:33] [WARNING]: Isto é um aviso a operação X pode falhar
[2021-05-31 15:16:33] []: A tarefa foi executada com sucesso
[2021-05-31 15:16:39] [INFO]: Executando a tarefa
[2021-05-31 15:16:39] [WARNING]: Isto é um aviso a operação X pode falhar
[2021-05-31 15:16:40] []: A tarefa foi executada com sucesso
[2021-05-31 15:16:44] [INFO]: Executando a tarefa
[2021-05-31 15:16:44] [WARNING]: Isto é um aviso a operação X pode falhar
[2021-05-31 15:16:44] []: A tarefa foi executada com sucesso
[2021-05-31 15:16:48] [INFO]: Executando a tarefa
[2021-05-31 15:16:48] [WARNING]: Isto é um aviso a operação X pode falhar
[2021-05-31 15:16:48] []: A tarefa foi executada com sucesso
[2021-05-31 15:17:02] [INFO]: Executando a tarefa
[2021-05-31 15:17:02] [WARNING]: Isto é um aviso a operação X pode falhar
[2021-05-31 15:17:02] []: A tarefa foi executada com sucesso
[2021-05-31 15:17:07] [INFO]: Executando a tarefa
[2021-05-31 15:17:07] [WARNING]: Isto é um aviso a operação X pode falhar
[2021-05-31 15:17:07] []: A tarefa foi executada com sucesso
[2021-05-31 15:17:11] [INFO]: Executando a tarefa
[2021-05-31 15:17:11] [WARNING]: Isto é um aviso a operação X pode falhar
[2021-05-31 15:17:11] []: A tarefa foi executada com sucesso
[2021-05-31 15:17:16] [INFO]: Executando a tarefa
[2021-05-31 15:17:16] [WARNING]: Isto é um aviso a operação X pode falhar
[2021-05-31 15:17:16] []: A tarefa foi executada com sucesso
[2021-05-31 15:18:46] [INFO]: Executando a tarefa
[2021-05-31 15:18:46] [WARNING]: Isto é um aviso a operação X pode falhar
[2021-05-31 15:18:46] []: A tarefa foi executada com sucesso
[2021-05-31 15:18:47] [INFO]: Executando a tarefa
[2021-05-31 15:18:47] [WARNING]: Isto é um aviso a operação X pode falhar
[2021-05-31 15:18:47] []: A tarefa foi executada com sucesso
[2021-05-31 15:19:00] [INFO]: Executando a tarefa
[2021-05-31 15:19:00] [WARNING]: Isto é um aviso a operação X pode falhar
[2021-05-31 15:19:00] []: A tarefa foi executada com sucesso
[2021-05-31 15:19:08] [INFO]: Executando a tarefa
[2021-05-31 15:19:09] [WARNING]: Isto é um aviso a operação X pode falhar
[2021-05-31 15:19:09] []: A tarefa foi executada com sucesso
[2021-05-31 15:19:18] [INFO]: Executando a tarefa
[2021-05-31 15:19:18] [WARNING]: Isto é um aviso a operação X pode falhar
[2021-05-31 15:19:18] []: A tarefa foi executada com sucesso
[2021-05-31 15:19:30] [INFO]: Executando a tarefa
[2021-05-31 15:19:30] [WARNING]: Isto é um aviso a operação X pode falhar
[2021-05-31 15:19:30] []: A tarefa foi executada com sucesso
[2021-05-31 15:20:19] [INFO]: Executando a tarefa
[2021-05-31 15:20:19] [WARNING]: Isto é um aviso a operação X pode falhar
[2021-05-31 15:20:19] []: A tarefa foi executada com sucesso
[2021-05-31 15:20:35] [INFO]: Executando a tarefa
[2021-05-31 15:20:35] [WARNING]: Isto é um aviso a operação X pode falhar
[2021-05-31 15:20:35] []: A tarefa foi executada com sucesso
[2021-05-31 15:21:13] [INFO]: Executando a tarefa
[2021-05-31 15:21:13] [WARNING]: Isto é um aviso a operação X pode falhar
[2021-05-31 15:21:13] []: A tarefa foi executada com sucesso
[2021-05-31 15:21:39] [INFO]: Executando a tarefa
[2021-05-31 15:21:39] [WARNING]: Isto é um aviso a operação X pode falhar
[2021-05-31 15:21:39] []: A tarefa foi executada com sucesso
[2021-05-31 15:22:27] [INFO]: Executando a tarefa
[2021-05-31 15:22:27] [WARNING]: Isto é um aviso a operação X pode falhar
[2021-05-31 15:22:27] []: A tarefa foi executada com sucesso
[2021-05-31 15:22:28] [INFO]: Executando a tarefa
[2021-05-31 15:22:28] [WARNING]: Isto é um aviso a operação X pode falhar
[2021-05-31 15:22:28] [INFO]: Executando a tarefa
[2021-05-31 15:22:28] [WARNING]: Isto é um aviso a operação X pode falhar
[2021-05-31 15:22:28] []: A tarefa foi executada com sucesso
[2021-05-31 15:22:28] [INFO]: Executando a tarefa
[2021-05-31 15:22:29] [WARNING]: Isto é um aviso a operação X pode falhar
[2021-05-31 15:22:29] []: A tarefa foi executada com sucesso
[2021-05-31 15:22:29] [INFO]: Executando a tarefa
[2021-05-31 15:22:29] [WARNING]: Isto é um aviso a operação X pode falhar
[2021-05-31 15:22:29] []: A tarefa foi executada com sucesso
[2021-05-31 15:23:06] [INFO]: Executando a tarefa
[2021-05-31 15:23:06] [WARNING]: Isto é um aviso a operação X pode falhar
[2021-05-31 15:23:06] []: A tarefa foi executada com sucesso
[2021-05-31 15:23:48] [INFO]: Executando a tarefa
[2021-05-31 15:23:48] [WARNING]: Isto é um aviso a operação X pode falhar
[2021-05-31 15:23:49] []: A tarefa foi executada com sucesso
[2021-05-31 15:24:19] [INFO]: Executando a tarefa
[2021-05-31 15:24:19] [WARNING]: Isto é um aviso a operação X pode falhar
[2021-05-31 15:24:19] []: A tarefa foi executada com sucesso
[2021-05-31 15:24:21] [INFO]: Executando a tarefa
[2021-05-31 15:24:21] [WARNING]: Isto é um aviso a operação X pode falhar
[2021-05-31 15:24:21] []: A tarefa foi executada com sucesso
[2021-05-31 15:24:30] [INFO]: Executando a tarefa
[2021-05-31 15:24:30] [WARNING]: Isto é um aviso a operação X pode falhar
[2021-05-31 15:24:30] []: A tarefa foi executada com sucesso
[2021-05-31 15:24:51] [INFO]: Executando a tarefa
[2021-05-31 15:24:51] [WARNING]: Isto é um aviso a operação X pode falhar
[2021-05-31 15:24:51] []: A tarefa foi executada com sucesso
[2021-05-31 15:25:13] [INFO]: Executando a tarefa
[2021-05-31 15:25:13] [WARNING]: Isto é um aviso a operação X pode falhar
[2021-05-31 15:25:13] []: A tarefa foi executada com sucesso
[2021-05-31 15:26:20] [INFO]: Executando a tarefa
[2021-05-31 15:26:20] [WARNING]: Isto é um aviso a operação X pode falhar
[2021-05-31 15:26:20] []: A tarefa foi executada com sucesso
[2021-05-31 15:26:59] [INFO]: Executando a tarefa
[2021-05-31 15:26:59] [WARNING]: Isto é um aviso a operação X pode falhar
[2021-05-31 15:26:59] []: A tarefa foi executada com sucesso
[2021-05-31 15:34:38] [INFO]: Executando a tarefa
[2021-05-31 15:34:38] [WARNING]: Isto é um aviso a operação X pode falhar
[2021-05-31 15:34:38] []: A tarefa foi executada com sucesso
[2021-05-31 15:34:38] [INFO]: Executando a tarefa
[2021-05-31 15:34:38] [WARNING]: Isto é um aviso a operação X pode falhar
[2021-05-31 15:34:38] []: A tarefa foi executada com sucesso
[2021-05-31 15:34:38] [INFO]: Executando a tarefa
[2021-05-31 15:34:38] [WARNING]: Isto é um aviso a operação X pode falhar
[2021-05-31 15:34:38] []: A tarefa foi executada com sucesso
[2021-05-31 15:35:06] [INFO]: Executando a tarefa
[2021-05-31 15:35:06] [WARNING]: Isto é um aviso a operação X pode falhar
[2021-05-31 15:35:06] []: A tarefa foi executada com sucesso
[2021-05-31 15:35:06] [INFO]: Executando a tarefa
[2021-05-31 15:35:07] [WARNING]: Isto é um aviso a operação X pode falhar
[2021-05-31 15:35:07] []: A tarefa foi executada com sucesso
[2021-05-31 15:37:29] [INFO]: Executando a tarefa
[2021-05-31 15:37:29] [WARNING]: Isto é um aviso a operação X pode falhar
[2021-05-31 15:37:29] []: A tarefa foi executada com sucesso
[2021-05-31 15:39:26] [INFO]: Executando a tarefa
[2021-05-31 15:39:26] [WARNING]: Isto é um aviso a operação X pode falhar
[2021-05-31 15:39:26] []: A tarefa foi executada com sucesso
[2021-05-31 15:39:36] [INFO]: Executando a tarefa
[2021-05-31 15:39:36] [WARNING]: Isto é um aviso a operação X pode falhar
[2021-05-31 15:39:36] []: A tarefa foi executada com sucesso
[2021-05-31 15:39:45] [INFO]: Executando a tarefa
[2021-05-31 15:39:45] [WARNING]: Isto é um aviso a operação X pode falhar
[2021-05-31 15:39:45] []: A tarefa foi executada com sucesso
[2021-05-31 15:40:51] [INFO]: Executando a tarefa
[2021-05-31 15:40:51] [WARNING]: Isto é um aviso a operação X pode falhar
[2021-05-31 15:40:51] []: A tarefa foi executada com sucesso
[2021-05-31 16:12:33] [INFO]: Executando a tarefa
[2021-05-31 16:12:33] [WARNING]: Isto é um aviso a operação X pode falhar
[2021-05-31 16:12:33] []: A tarefa foi executada com sucesso
[2021-05-31 16:13:50] [INFO]: Executando a tarefa
[2021-05-31 16:13:50] [WARNING]: Isto é um aviso a operação X pode falhar
[2021-05-31 16:13:50] []: A tarefa foi executada com sucesso
[2021-05-31 16:13:51] [INFO]: Executando a tarefa
[2021-05-31 16:13:51] [WARNING]: Isto é um aviso a operação X pode falhar
[2021-05-31 16:13:51] []: A tarefa foi executada com sucesso
[2021-05-31 16:13:58] [INFO]: Executando a tarefa
[2021-05-31 16:14:20] [INFO]: Executando a tarefa
[2021-05-31 16:14:20] [WARNING]: Isto é um aviso a operação X pode falhar
[2021-05-31 16:14:20] []: A tarefa foi executada com sucesso
[2021-05-31 16:15:09] [INFO]: Executando a tarefa
[2021-05-31 16:15:09] [WARNING]: Isto é um aviso a operação X pode falhar
[2021-05-31 16:15:09] []: A tarefa foi executada com sucesso
[2021-05-31 16:15:10] [INFO]: Executando a tarefa
[2021-05-31 16:15:10] [WARNING]: Isto é um aviso a operação X pode falhar
[2021-05-31 16:15:10] []: A tarefa foi executada com sucesso
[2021-05-31 16:15:11] [INFO]: Executando a tarefa
[2021-05-31 16:15:11] [WARNING]: Isto é um aviso a operação X pode falhar
[2021-05-31 16:15:11] []: A tarefa foi executada com sucesso
[2021-05-31 16:15:11] [INFO]: Executando a tarefa
[2021-05-31 16:15:11] [WARNING]: Isto é um aviso a operação X pode falhar
[2021-05-31 16:15:11] []: A tarefa foi executada com sucesso
[2021-05-31 16:15:41] [INFO]: Executando a tarefa
[2021-05-31 16:15:41] [WARNING]: Isto é um aviso a operação X pode falhar
[2021-05-31 16:15:41] []: A tarefa foi executada com sucesso
[2021-05-31 16:15:41] [INFO]: Executando a tarefa
[2021-05-31 16:15:41] [WARNING]: Isto é um aviso a operação X pode falhar
[2021-05-31 16:15:41] []: A tarefa foi executada com sucesso
[2021-05-31 16:16:42] [INFO]: Executando a tarefa
[2021-05-31 16:16:42] [WARNING]: Isto é um aviso a operação X pode falhar
[2021-05-31 16:16:42] []: A tarefa foi executada com sucesso
[2021-05-31 16:16:43] [INFO]: Executando a tarefa
[2021-05-31 16:16:43] [WARNING]: Isto é um aviso a operação X pode falhar
[2021-05-31 16:16:43] []: A tarefa foi executada com sucesso
[2021-05-31 16:17:29] [INFO]: Executando a tarefa
[2021-05-31 16:17:29] [WARNING]: Isto é um aviso a operação X pode falhar
[2021-05-31 16:17:29] []: A tarefa foi executada com sucesso
[2021-05-31 16:17:55] [INFO]: Executando a tarefa
[2021-05-31 16:17:55] [WARNING]: Isto é um aviso a operação X pode falhar
[2021-05-31 16:17:55] []: A tarefa foi executada com sucesso
[2021-05-31 16:18:27] [INFO]: Executando a tarefa
[2021-05-31 16:18:43] [INFO]: Executando a tarefa
[2021-05-31 16:18:43] [WARNING]: Isto é um aviso a operação X pode falhar
[2021-05-31 16:18:43] []: A tarefa foi executada com sucesso
[2021-05-31 16:19:11] [INFO]: Executando a tarefa
[2021-05-31 16:19:11] [WARNING]: Isto é um aviso a operação X pode falhar
[2021-05-31 16:19:11] []: A tarefa foi executada com sucesso
[2021-05-31 16:20:47] [INFO]: Executando a tarefa
[2021-05-31 16:20:47] [WARNING]: Isto é um aviso a operação X pode falhar
[2021-05-31 16:20:48] []: A tarefa foi executada com sucesso
[2021-05-31 16:22:35] [INFO]: Executando a tarefa
[2021-05-31 16:22:36] [WARNING]: Isto é um aviso a operação X pode falhar
[2021-05-31 16:22:36] []: A tarefa foi executada com sucesso
[2021-05-31 16:22:37] [INFO]: Executando a tarefa
[2021-05-31 16:22:37] [WARNING]: Isto é um aviso a operação X pode falhar
[2021-05-31 16:22:37] []: A tarefa foi executada com sucesso
[2021-05-31 16:23:10] [INFO]: Executando a tarefa
[2021-05-31 16:23:10] [WARNING]: Isto é um aviso a operação X pode falhar
[2021-05-31 16:23:10] []: A tarefa foi executada com sucesso
[2021-05-31 16:28:19] [INFO]: Executando a tarefa
[2021-05-31 16:28:19] [WARNING]: Isto é um aviso a operação X pode falhar
[2021-05-31 16:28:19] []: A tarefa foi executada com sucesso
[2021-05-31 16:28:26] [INFO]: Executando a tarefa
[2021-05-31 16:28:26] [WARNING]: Isto é um aviso a operação X pode falhar
[2021-05-31 16:28:26] []: A tarefa foi executada com sucesso
[2021-05-31 16:28:28] [INFO]: Executando a tarefa
[2021-05-31 16:28:28] [WARNING]: Isto é um aviso a operação X pode falhar
[2021-05-31 16:28:28] []: A tarefa foi executada com sucesso
[2021-05-31 16:28:46] [INFO]: Executando a tarefa
[2021-05-31 16:28:46] [WARNING]: Isto é um aviso a operação X pode falhar
[2021-05-31 16:28:46] []: A tarefa foi executada com sucesso
[2021-05-31 16:28:53] [INFO]: Executando a tarefa
[2021-05-31 16:28:53] [WARNING]: Isto é um aviso a operação X pode falhar
[2021-05-31 16:28:53] []: A tarefa foi executada com sucesso
[2021-05-31 16:29:24] [INFO]: Executando a tarefa
[2021-05-31 16:29:24] [WARNING]: Isto é um aviso a operação X pode falhar
[2021-05-31 16:29:24] []: A tarefa foi executada com sucesso
[2021-05-31 16:29:24] [INFO]: Executando a tarefa
[2021-05-31 16:29:24] [WARNING]: Isto é um aviso a operação X pode falhar
[2021-05-31 16:29:24] []: A tarefa foi executada com sucesso
[2021-05-31 16:29:24] [INFO]: Executando a tarefa
[2021-05-31 16:29:24] [WARNING]: Isto é um aviso a operação X pode falhar
[2021-05-31 16:29:24] []: A tarefa foi executada com sucesso
[2021-05-31 16:29:43] [INFO]: Executando a tarefa
[2021-05-31 16:29:43] [WARNING]: Isto é um aviso a operação X pode falhar
[2021-05-31 16:29:43] []: A tarefa foi executada com sucesso
[2021-05-31 16:29:44] [INFO]: Executando a tarefa
[2021-05-31 16:29:44] [WARNING]: Isto é um aviso a operação X pode falhar
[2021-05-31 16:29:44] []: A tarefa foi executada com sucesso
[2021-05-31 16:29:44] [INFO]: Executando a tarefa
[2021-05-31 16:29:44] [WARNING]: Isto é um aviso a operação X pode falhar
[2021-05-31 16:29:44] []: A tarefa foi executada com sucesso
[2021-05-31 16:29:44] [INFO]: Executando a tarefa
[2021-05-31 16:29:44] [WARNING]: Isto é um aviso a operação X pode falhar
[2021-05-31 16:29:44] []: A tarefa foi executada com sucesso
[2021-05-31 16:30:07] [INFO]: Executando a tarefa
[2021-05-31 16:30:07] [WARNING]: Isto é um aviso a operação X pode falhar
[2021-05-31 16:30:07] []: A tarefa foi executada com sucesso
[2021-05-31 16:30:16] [INFO]: Executando a tarefa
[2021-05-31 16:30:16] [WARNING]: Isto é um aviso a operação X pode falhar
[2021-05-31 16:30:16] []: A tarefa foi executada com sucesso
[2021-05-31 16:30:22] [INFO]: Executando a tarefa
[2021-05-31 16:30:22] [WARNING]: Isto é um aviso a operação X pode falhar
[2021-05-31 16:30:22] []: A tarefa foi executada com sucesso
[2021-05-31 16:30:31] [INFO]: Executando a tarefa
[2021-05-31 16:30:31] [WARNING]: Isto é um aviso a operação X pode falhar
[2021-05-31 16:30:31] []: A tarefa foi executada com sucesso
[2021-05-31 16:30:43] [INFO]: Executando a tarefa
[2021-05-31 16:30:43] [WARNING]: Isto é um aviso a operação X pode falhar
[2021-05-31 16:30:43] []: A tarefa foi executada com sucesso
[2021-05-31 16:33:12] [INFO]: Executando a tarefa
[2021-05-31 16:33:12] [WARNING]: Isto é um aviso a operação X pode falhar
[2021-05-31 16:33:12] []: A tarefa foi executada com sucesso
[2021-05-31 16:33:16] [INFO]: Executando a tarefa
[2021-05-31 16:33:16] [WARNING]: Isto é um aviso a operação X pode falhar
[2021-05-31 16:33:16] []: A tarefa foi executada com sucesso
[2021-05-31 16:33:17] [INFO]: Executando a tarefa
[2021-05-31 16:33:17] [WARNING]: Isto é um aviso a operação X pode falhar
[2021-05-31 16:33:17] []: A tarefa foi executada com sucesso
[2021-05-31 16:33:47] [INFO]: Executando a tarefa
[2021-05-31 16:33:47] [WARNING]: Isto é um aviso a operação X pode falhar
[2021-05-31 16:33:47] []: A tarefa foi executada com sucesso
[2021-05-31 16:42:12] [INFO]: Executando a tarefa
[2021-05-31 16:42:12] [WARNING]: Isto é um aviso a operação X pode falhar
[2021-05-31 16:42:12] []: A tarefa foi executada com sucesso
[2021-05-31 16:42:47] []: A tarefa foi executada com sucesso
[2021-06-01 11:52:43] []: A tarefa foi executada com sucesso
[2021-06-01 13:39:00] []: A tarefa foi executada com sucesso
[2021-06-01 13:40:05] []: A tarefa foi executada com sucesso
[2021-06-01 13:40:15] []: A tarefa foi executada com sucesso
[2021-06-01 13:40:30] []: A tarefa foi executada com sucesso
[2021-06-01 13:41:12] []: A tarefa foi executada com sucesso
[2021-06-01 13:42:35] []: A tarefa foi executada com sucesso
[2021-06-01 13:43:18] []: A tarefa foi executada com sucesso
[2021-06-01 13:45:50] []: A tarefa foi executada com sucesso
[2021-06-01 13:45:50] []: A tarefa foi executada com sucesso
[2021-06-01 13:47:59] []: A tarefa foi executada com sucesso
[2021-06-01 13:48:13] []: A tarefa foi executada com sucesso
[2021-06-01 13:48:17] []: A tarefa foi executada com sucesso
[2021-06-01 13:48:29] []: A tarefa foi executada com sucesso
[2021-06-01 13:48:38] []: A tarefa foi executada com sucesso
[2021-06-01 13:48:44] []: A tarefa foi executada com sucesso
[2021-06-01 13:49:12] []: A tarefa foi executada com sucesso
[2021-06-01 13:49:45] []: A tarefa foi executada com sucesso
[2021-06-01 13:50:10] []: A tarefa foi executada com sucesso
[2021-06-01 13:50:53] [INFO]: Executando a tarefa
[2021-06-01 13:50:53] [WARNING]: Isto é um aviso a operação X pode falhar
[2021-06-01 13:50:53] []: A tarefa foi executada com sucesso
[2021-06-01 16:02:25] []: A tarefa foi executada com sucesso
[2021-06-01 16:04:49] [INFO]: Executando a tarefa
[2021-06-01 16:04:49] [WARNING]: Isto é um aviso a operação X pode falhar
[2021-06-01 16:04:49] []: A tarefa foi executada com sucesso
